
> b2bsa-app@0.1.0 lint
> eslint --config configs/eslint.config.mjs


/Users/suvra/Documents/B2BSA2/cvp-verify.mjs
   2:26   error  "playwright" is extraneous                                    n/no-extraneous-import
   5:13   error  Make sure publicly writable directories are used safely here  sonarjs/publicly-writable-directories
  23:14   error  Prefer `.textContent` over `.innerText`                       unicorn/prefer-dom-node-text-content
  67:41   error  Prefer `.textContent` over `.innerText`                       unicorn/prefer-dom-node-text-content
  76:62   error  Prefer `.textContent` over `.innerText`                       unicorn/prefer-dom-node-text-content
  82:106  error  Prefer `.textContent` over `.innerText`                       unicorn/prefer-dom-node-text-content
  85:83   error  Prefer `.textContent` over `.innerText`                       unicorn/prefer-dom-node-text-content
  91:69   error  Prefer `.textContent` over `.innerText`                       unicorn/prefer-dom-node-text-content
  93:113  error  Prefer `.textContent` over `.innerText`                       unicorn/prefer-dom-node-text-content

/Users/suvra/Documents/B2BSA2/src/components/items/FAQCard.tsx
  77:1   warning  Use const or class constructors instead of named functions  prefer-arrow/prefer-arrow-functions
  80:21  error    Prefer `String#codePointAt()` over `String#charCodeAt()`    unicorn/prefer-code-point

/Users/suvra/Documents/B2BSA2/src/content/about-us/content.ts
  3:32  warning  There is no rule allowing dependencies from elements of type "content" to elements of type "content"  boundaries/dependencies

/Users/suvra/Documents/B2BSA2/src/content/blogs/content.ts
  3:31  warning  There is no rule allowing dependencies from elements of type "content" to elements of type "content"  boundaries/dependencies
  4:30  warning  There is no rule allowing dependencies from elements of type "content" to elements of type "content"  boundaries/dependencies
  5:35  warning  There is no rule allowing dependencies from elements of type "content" to elements of type "content"  boundaries/dependencies
  6:32  warning  There is no rule allowing dependencies from elements of type "content" to elements of type "content"  boundaries/dependencies
  7:30  warning  There is no rule allowing dependencies from elements of type "content" to elements of type "content"  boundaries/dependencies

/Users/suvra/Documents/B2BSA2/src/content/blogs/data.ts
  1:31  warning  There is no rule allowing dependencies from elements of type "content" to elements of type "content"  boundaries/dependencies
  3:26  warning  There is no rule allowing dependencies from elements of type "content" to elements of type "content"  boundaries/dependencies

/Users/suvra/Documents/B2BSA2/src/content/case-studies/content.ts
  20:26  warning  There is no rule allowing dependencies from elements of type "content" to elements of type "content"  boundaries/dependencies

/Users/suvra/Documents/B2BSA2/src/content/home/content.ts
  5:33  warning  There is no rule allowing dependencies from elements of type "content" to elements of type "content"  boundaries/dependencies
  6:38  warning  There is no rule allowing dependencies from elements of type "content" to elements of type "content"  boundaries/dependencies
  7:32  warning  There is no rule allowing dependencies from elements of type "content" to elements of type "content"  boundaries/dependencies

/Users/suvra/Documents/B2BSA2/src/content/services/digital-marketing/content.ts
  1:57  warning  There is no rule allowing dependencies from elements of type "content" to elements of type "content"  boundaries/dependencies
  2:34  warning  There is no rule allowing dependencies from elements of type "content" to elements of type "content"  boundaries/dependencies

/Users/suvra/Documents/B2BSA2/src/content/services/digital-marketing/performance-marketing/content.ts
  1:37  warning  There is no rule allowing dependencies from elements of type "content" to elements of type "content"  boundaries/dependencies

/Users/suvra/Documents/B2BSA2/src/content/services/digital-marketing/seo-services/content.ts
  1:37  warning  There is no rule allowing dependencies from elements of type "content" to elements of type "content"  boundaries/dependencies

/Users/suvra/Documents/B2BSA2/src/content/services/digital-marketing/social-media-marketing/content.ts
  1:37  warning  There is no rule allowing dependencies from elements of type "content" to elements of type "content"  boundaries/dependencies

/Users/suvra/Documents/B2BSA2/src/content/services/global-event-solutions/content.ts
  1:57  warning  There is no rule allowing dependencies from elements of type "content" to elements of type "content"  boundaries/dependencies
  2:34  warning  There is no rule allowing dependencies from elements of type "content" to elements of type "content"  boundaries/dependencies

/Users/suvra/Documents/B2BSA2/src/content/services/global-event-solutions/corporate-event-solutions/content.ts
  5:8  warning  There is no rule allowing dependencies from elements of type "content" to elements of type "content"  boundaries/dependencies

/Users/suvra/Documents/B2BSA2/src/content/services/global-event-solutions/corporate-networking-events/content.ts
  5:8  warning  There is no rule allowing dependencies from elements of type "content" to elements of type "content"  boundaries/dependencies

/Users/suvra/Documents/B2BSA2/src/content/services/global-event-solutions/event-branding-solutions/content.ts
  5:8  warning  There is no rule allowing dependencies from elements of type "content" to elements of type "content"  boundaries/dependencies

/Users/suvra/Documents/B2BSA2/src/content/services/hpmi/human-powered-market-intelligence/content.ts
  1:37  warning  There is no rule allowing dependencies from elements of type "content" to elements of type "content"  boundaries/dependencies
  2:34  warning  There is no rule allowing dependencies from elements of type "content" to elements of type "content"  boundaries/dependencies

/Users/suvra/Documents/B2BSA2/src/content/services/market-research/content.ts
  1:57  warning  There is no rule allowing dependencies from elements of type "content" to elements of type "content"  boundaries/dependencies
  2:34  warning  There is no rule allowing dependencies from elements of type "content" to elements of type "content"  boundaries/dependencies

/Users/suvra/Documents/B2BSA2/src/content/services/market-research/data-augmentation-services/content.ts
  1:37  warning  There is no rule allowing dependencies from elements of type "content" to elements of type "content"  boundaries/dependencies
  2:34  warning  There is no rule allowing dependencies from elements of type "content" to elements of type "content"  boundaries/dependencies

/Users/suvra/Documents/B2BSA2/src/content/services/market-research/data-validation-services/content.ts
  1:37  warning  There is no rule allowing dependencies from elements of type "content" to elements of type "content"  boundaries/dependencies
  2:34  warning  There is no rule allowing dependencies from elements of type "content" to elements of type "content"  boundaries/dependencies

/Users/suvra/Documents/B2BSA2/src/content/services/media-production/content.ts
  1:57  warning  There is no rule allowing dependencies from elements of type "content" to elements of type "content"  boundaries/dependencies
  2:34  warning  There is no rule allowing dependencies from elements of type "content" to elements of type "content"  boundaries/dependencies

/Users/suvra/Documents/B2BSA2/src/content/services/media-production/corporate-video-production/content.ts
  1:37  warning  There is no rule allowing dependencies from elements of type "content" to elements of type "content"  boundaries/dependencies
  2:34  warning  There is no rule allowing dependencies from elements of type "content" to elements of type "content"  boundaries/dependencies

/Users/suvra/Documents/B2BSA2/src/content/services/media-production/event-experience-video-production/content.ts
  2:37  warning  There is no rule allowing dependencies from elements of type "content" to elements of type "content"  boundaries/dependencies

/Users/suvra/Documents/B2BSA2/src/content/services/media-production/event-live-streaming-services/content.ts
  1:57  warning  There is no rule allowing dependencies from elements of type "content" to elements of type "content"  boundaries/dependencies
  2:34  warning  There is no rule allowing dependencies from elements of type "content" to elements of type "content"  boundaries/dependencies

/Users/suvra/Documents/B2BSA2/src/content/services/media-production/event-physical-video-shoot/content.ts
  2:37  warning  There is no rule allowing dependencies from elements of type "content" to elements of type "content"  boundaries/dependencies

/Users/suvra/Documents/B2BSA2/src/content/services/media-production/event-video-production/content.ts
  1:57  warning  There is no rule allowing dependencies from elements of type "content" to elements of type "content"  boundaries/dependencies
  2:34  warning  There is no rule allowing dependencies from elements of type "content" to elements of type "content"  boundaries/dependencies

/Users/suvra/Documents/B2BSA2/src/content/services/media-production/virtual-video-production/content.ts
  2:37  warning  There is no rule allowing dependencies from elements of type "content" to elements of type "content"  boundaries/dependencies

/Users/suvra/Documents/B2BSA2/src/content/services/sales-qualified-lead-generation/content.ts
  1:57  warning  There is no rule allowing dependencies from elements of type "content" to elements of type "content"  boundaries/dependencies
  2:34  warning  There is no rule allowing dependencies from elements of type "content" to elements of type "content"  boundaries/dependencies

/Users/suvra/Documents/B2BSA2/src/content/services/tradeshow-booth-solutions/booth-hostess-services/content.ts
  5:8  warning  There is no rule allowing dependencies from elements of type "content" to elements of type "content"  boundaries/dependencies

/Users/suvra/Documents/B2BSA2/src/content/services/tradeshow-booth-solutions/booth-logistics-services/content.ts
  5:8  warning  There is no rule allowing dependencies from elements of type "content" to elements of type "content"  boundaries/dependencies

/Users/suvra/Documents/B2BSA2/src/content/services/tradeshow-booth-solutions/content.ts
  1:57  warning  There is no rule allowing dependencies from elements of type "content" to elements of type "content"  boundaries/dependencies
  2:34  warning  There is no rule allowing dependencies from elements of type "content" to elements of type "content"  boundaries/dependencies

/Users/suvra/Documents/B2BSA2/src/content/services/tradeshow-booth-solutions/modular-booth-solutions/content.ts
  1:57  warning  There is no rule allowing dependencies from elements of type "content" to elements of type "content"  boundaries/dependencies

/Users/suvra/Documents/B2BSA2/src/content/services/tradeshow-booth-solutions/trade-show-booth-builder/content.ts
  1:35  warning  There is no rule allowing dependencies from elements of type "content" to elements of type "content"  boundaries/dependencies
  2:57  warning  There is no rule allowing dependencies from elements of type "content" to elements of type "content"  boundaries/dependencies

/Users/suvra/Documents/B2BSA2/src/content/services/tradeshow-booth-solutions/trade-show-booth-design/content.ts
  1:57  warning  There is no rule allowing dependencies from elements of type "content" to elements of type "content"  boundaries/dependencies

/Users/suvra/Documents/B2BSA2/src/content/services/tradeshow-booth-solutions/trade-show-booth-rental/content.ts
  1:57  warning  There is no rule allowing dependencies from elements of type "content" to elements of type "content"  boundaries/dependencies

/Users/suvra/Documents/B2BSA2/src/content/shared/index.ts
  1:37  warning  There is no rule allowing dependencies from elements of type "content" to elements of type "content"  boundaries/dependencies

✖ 64 problems (10 errors, 54 warnings)

