[     287ms] [INFO] %cDownload the React DevTools for a better development experience: https://react.dev/link/react-devtools font-weight:bold @ http://localhost:3000/_next/static/chunks/node_modules_next_dist_1ybzpk2._.js:2490
[     317ms] [LOG] [HMR] connected @ http://localhost:3000/_next/static/chunks/node_modules_next_dist_1ybzpk2._.js:2490
[     318ms] [WARNING] @builder.io/partytown package has changed organization and now is
@qwik.dev/partytown https://www.npmjs.com/package/@qwik.dev/partytown
We recommend using the new package to stay up to date on feature releases and bug fixes. @ http://localhost:3000/~partytown/partytown-sandbox-sw.html?1781202050271:1
[     442ms] [WARNING] Image with src "http://localhost:3000/images/client-logos/Syngene.svg" has either width or height modified, but not the other. If you use CSS to change the size of your image, also include the styles 'width: "auto"' or 'height: "auto"' to maintain the aspect ratio. @ http://localhost:3000/_next/static/chunks/node_modules_next_dist_1ybzpk2._.js:2490
[     442ms] [WARNING] Image with src "http://localhost:3000/images/client-logos/UnitedPayment.svg" has either width or height modified, but not the other. If you use CSS to change the size of your image, also include the styles 'width: "auto"' or 'height: "auto"' to maintain the aspect ratio. @ http://localhost:3000/_next/static/chunks/node_modules_next_dist_1ybzpk2._.js:2490
[     442ms] [WARNING] Image with src "http://localhost:3000/images/client-logos/Airtel.svg" has either width or height modified, but not the other. If you use CSS to change the size of your image, also include the styles 'width: "auto"' or 'height: "auto"' to maintain the aspect ratio. @ http://localhost:3000/_next/static/chunks/node_modules_next_dist_1ybzpk2._.js:2490
[     442ms] [WARNING] Image with src "http://localhost:3000/images/client-logos/CSC.svg" has either width or height modified, but not the other. If you use CSS to change the size of your image, also include the styles 'width: "auto"' or 'height: "auto"' to maintain the aspect ratio. @ http://localhost:3000/_next/static/chunks/node_modules_next_dist_1ybzpk2._.js:2490
[     442ms] [WARNING] Image with src "http://localhost:3000/images/client-logos/Infosys.svg" has either width or height modified, but not the other. If you use CSS to change the size of your image, also include the styles 'width: "auto"' or 'height: "auto"' to maintain the aspect ratio. @ http://localhost:3000/_next/static/chunks/node_modules_next_dist_1ybzpk2._.js:2490
[   56783ms] [ERROR] WebSocket connection to 'ws://localhost:3000/_next/webpack-hmr?id=tN4TaKIbpFHJifi4iixCn' failed: Error in connection establishment: net::ERR_CONNECTION_REFUSED @ http://localhost:3000/_next/static/chunks/node_modules_next_dist_client_0r5nbpw._.js:13454
[   58038ms] [LOG] [HMR] connected @ http://localhost:3000/_next/static/chunks/node_modules_next_dist_1ybzpk2._.js:2490
[   59097ms] [INFO] %cDownload the React DevTools for a better development experience: https://react.dev/link/react-devtools font-weight:bold @ http://localhost:3000/_next/static/chunks/node_modules_next_dist_1ybzpk2._.js:2490
[   59120ms] [LOG] [HMR] connected @ http://localhost:3000/_next/static/chunks/node_modules_next_dist_1ybzpk2._.js:2490
[   59189ms] [WARNING] @builder.io/partytown package has changed organization and now is
@qwik.dev/partytown https://www.npmjs.com/package/@qwik.dev/partytown
We recommend using the new package to stay up to date on feature releases and bug fixes. @ http://localhost:3000/~partytown/partytown-sandbox-sw.html?1781202109114:1
[   59234ms] [WARNING] Image with src "http://localhost:3000/images/client-logos/Airtel.svg" has either width or height modified, but not the other. If you use CSS to change the size of your image, also include the styles 'width: "auto"' or 'height: "auto"' to maintain the aspect ratio. @ http://localhost:3000/_next/static/chunks/node_modules_next_dist_1ybzpk2._.js:2490
[   59235ms] [WARNING] Image with src "http://localhost:3000/images/client-logos/CSC.svg" has either width or height modified, but not the other. If you use CSS to change the size of your image, also include the styles 'width: "auto"' or 'height: "auto"' to maintain the aspect ratio. @ http://localhost:3000/_next/static/chunks/node_modules_next_dist_1ybzpk2._.js:2490
[   59235ms] [WARNING] Image with src "http://localhost:3000/images/client-logos/Infosys.svg" has either width or height modified, but not the other. If you use CSS to change the size of your image, also include the styles 'width: "auto"' or 'height: "auto"' to maintain the aspect ratio. @ http://localhost:3000/_next/static/chunks/node_modules_next_dist_1ybzpk2._.js:2490
[   59235ms] [WARNING] Image with src "http://localhost:3000/images/client-logos/Syngene.svg" has either width or height modified, but not the other. If you use CSS to change the size of your image, also include the styles 'width: "auto"' or 'height: "auto"' to maintain the aspect ratio. @ http://localhost:3000/_next/static/chunks/node_modules_next_dist_1ybzpk2._.js:2490
[   59235ms] [WARNING] Image with src "http://localhost:3000/images/client-logos/UnitedPayment.svg" has either width or height modified, but not the other. If you use CSS to change the size of your image, also include the styles 'width: "auto"' or 'height: "auto"' to maintain the aspect ratio. @ http://localhost:3000/_next/static/chunks/node_modules_next_dist_1ybzpk2._.js:2490
